[
     {
          "fecha": "Sat, 24 Jan 2026 14:50:04 GMT",
          "error": "error de prueba",
          "detalle": "Error: error de prueba\n    at file:///C:/Users/diego/dev/Coder-M3-Flex-85625/clases/clase03-nvmWinstonArtillery/clase/00-errorHandler/src/routes/heroesRouter.js:10:15\n    at Layer.handle [as handle_request] (C:\\Users\\diego\\dev\\Coder-M3-Flex-85625\\clases\\clase03-nvmWinstonArtillery\\clase\\00-errorHandler\\node_modules\\express\\lib\\router\\layer.js:95:5)\n    at next (C:\\Users\\diego\\dev\\Coder-M3-Flex-85625\\clases\\clase03-nvmWinstonArtillery\\clase\\00-errorHandler\\node_modules\\express\\lib\\router\\route.js:149:13)\n    at Route.dispatch (C:\\Users\\diego\\dev\\Coder-M3-Flex-85625\\clases\\clase03-nvmWinstonArtillery\\clase\\00-errorHandler\\node_modules\\express\\lib\\router\\route.js:119:3)\n    at Layer.handle [as handle_request] (C:\\Users\\diego\\dev\\Coder-M3-Flex-85625\\clases\\clase03-nvmWinstonArtillery\\clase\\00-errorHandler\\node_modules\\express\\lib\\router\\layer.js:95:5)\n    at C:\\Users\\diego\\dev\\Coder-M3-Flex-85625\\clases\\clase03-nvmWinstonArtillery\\clase\\00-errorHandler\\node_modules\\express\\lib\\router\\index.js:284:15\n    at router.process_params (C:\\Users\\diego\\dev\\Coder-M3-Flex-85625\\clases\\clase03-nvmWinstonArtillery\\clase\\00-errorHandler\\node_modules\\express\\lib\\router\\index.js:346:12)\n    at next (C:\\Users\\diego\\dev\\Coder-M3-Flex-85625\\clases\\clase03-nvmWinstonArtillery\\clase\\00-errorHandler\\node_modules\\express\\lib\\router\\index.js:280:10)\n    at router.handle (C:\\Users\\diego\\dev\\Coder-M3-Flex-85625\\clases\\clase03-nvmWinstonArtillery\\clase\\00-errorHandler\\node_modules\\express\\lib\\router\\index.js:175:3)\n    at router (C:\\Users\\diego\\dev\\Coder-M3-Flex-85625\\clases\\clase03-nvmWinstonArtillery\\clase\\00-errorHandler\\node_modules\\express\\lib\\router\\index.js:47:12)"
     },
     {
          "fecha": "Sat, 24 Jan 2026 14:50:05 GMT",
          "error": "error de prueba",
          "detalle": "Error: error de prueba\n    at file:///C:/Users/diego/dev/Coder-M3-Flex-85625/clases/clase03-nvmWinstonArtillery/clase/00-errorHandler/src/routes/heroesRouter.js:10:15\n    at Layer.handle [as handle_request] (C:\\Users\\diego\\dev\\Coder-M3-Flex-85625\\clases\\clase03-nvmWinstonArtillery\\clase\\00-errorHandler\\node_modules\\express\\lib\\router\\layer.js:95:5)\n    at next (C:\\Users\\diego\\dev\\Coder-M3-Flex-85625\\clases\\clase03-nvmWinstonArtillery\\clase\\00-errorHandler\\node_modules\\express\\lib\\router\\route.js:149:13)\n    at Route.dispatch (C:\\Users\\diego\\dev\\Coder-M3-Flex-85625\\clases\\clase03-nvmWinstonArtillery\\clase\\00-errorHandler\\node_modules\\express\\lib\\router\\route.js:119:3)\n    at Layer.handle [as handle_request] (C:\\Users\\diego\\dev\\Coder-M3-Flex-85625\\clases\\clase03-nvmWinstonArtillery\\clase\\00-errorHandler\\node_modules\\express\\lib\\router\\layer.js:95:5)\n    at C:\\Users\\diego\\dev\\Coder-M3-Flex-85625\\clases\\clase03-nvmWinstonArtillery\\clase\\00-errorHandler\\node_modules\\express\\lib\\router\\index.js:284:15\n    at router.process_params (C:\\Users\\diego\\dev\\Coder-M3-Flex-85625\\clases\\clase03-nvmWinstonArtillery\\clase\\00-errorHandler\\node_modules\\express\\lib\\router\\index.js:346:12)\n    at next (C:\\Users\\diego\\dev\\Coder-M3-Flex-85625\\clases\\clase03-nvmWinstonArtillery\\clase\\00-errorHandler\\node_modules\\express\\lib\\router\\index.js:280:10)\n    at router.handle (C:\\Users\\diego\\dev\\Coder-M3-Flex-85625\\clases\\clase03-nvmWinstonArtillery\\clase\\00-errorHandler\\node_modules\\express\\lib\\router\\index.js:175:3)\n    at router (C:\\Users\\diego\\dev\\Coder-M3-Flex-85625\\clases\\clase03-nvmWinstonArtillery\\clase\\00-errorHandler\\node_modules\\express\\lib\\router\\index.js:47:12)"
     },
     {
          "fecha": "Sat, 24 Jan 2026 14:50:05 GMT",
          "error": "error de prueba",
          "detalle": "Error: error de prueba\n    at file:///C:/Users/diego/dev/Coder-M3-Flex-85625/clases/clase03-nvmWinstonArtillery/clase/00-errorHandler/src/routes/heroesRouter.js:10:15\n    at Layer.handle [as handle_request] (C:\\Users\\diego\\dev\\Coder-M3-Flex-85625\\clases\\clase03-nvmWinstonArtillery\\clase\\00-errorHandler\\node_modules\\express\\lib\\router\\layer.js:95:5)\n    at next (C:\\Users\\diego\\dev\\Coder-M3-Flex-85625\\clases\\clase03-nvmWinstonArtillery\\clase\\00-errorHandler\\node_modules\\express\\lib\\router\\route.js:149:13)\n    at Route.dispatch (C:\\Users\\diego\\dev\\Coder-M3-Flex-85625\\clases\\clase03-nvmWinstonArtillery\\clase\\00-errorHandler\\node_modules\\express\\lib\\router\\route.js:119:3)\n    at Layer.handle [as handle_request] (C:\\Users\\diego\\dev\\Coder-M3-Flex-85625\\clases\\clase03-nvmWinstonArtillery\\clase\\00-errorHandler\\node_modules\\express\\lib\\router\\layer.js:95:5)\n    at C:\\Users\\diego\\dev\\Coder-M3-Flex-85625\\clases\\clase03-nvmWinstonArtillery\\clase\\00-errorHandler\\node_modules\\express\\lib\\router\\index.js:284:15\n    at router.process_params (C:\\Users\\diego\\dev\\Coder-M3-Flex-85625\\clases\\clase03-nvmWinstonArtillery\\clase\\00-errorHandler\\node_modules\\express\\lib\\router\\index.js:346:12)\n    at next (C:\\Users\\diego\\dev\\Coder-M3-Flex-85625\\clases\\clase03-nvmWinstonArtillery\\clase\\00-errorHandler\\node_modules\\express\\lib\\router\\index.js:280:10)\n    at router.handle (C:\\Users\\diego\\dev\\Coder-M3-Flex-85625\\clases\\clase03-nvmWinstonArtillery\\clase\\00-errorHandler\\node_modules\\express\\lib\\router\\index.js:175:3)\n    at router (C:\\Users\\diego\\dev\\Coder-M3-Flex-85625\\clases\\clase03-nvmWinstonArtillery\\clase\\00-errorHandler\\node_modules\\express\\lib\\router\\index.js:47:12)"
     },
     {
          "fecha": "Sat, 24 Jan 2026 14:50:05 GMT",
          "error": "error de prueba",
          "detalle": "Error: error de prueba\n    at file:///C:/Users/diego/dev/Coder-M3-Flex-85625/clases/clase03-nvmWinstonArtillery/clase/00-errorHandler/src/routes/heroesRouter.js:10:15\n    at Layer.handle [as handle_request] (C:\\Users\\diego\\dev\\Coder-M3-Flex-85625\\clases\\clase03-nvmWinstonArtillery\\clase\\00-errorHandler\\node_modules\\express\\lib\\router\\layer.js:95:5)\n    at next (C:\\Users\\diego\\dev\\Coder-M3-Flex-85625\\clases\\clase03-nvmWinstonArtillery\\clase\\00-errorHandler\\node_modules\\express\\lib\\router\\route.js:149:13)\n    at Route.dispatch (C:\\Users\\diego\\dev\\Coder-M3-Flex-85625\\clases\\clase03-nvmWinstonArtillery\\clase\\00-errorHandler\\node_modules\\express\\lib\\router\\route.js:119:3)\n    at Layer.handle [as handle_request] (C:\\Users\\diego\\dev\\Coder-M3-Flex-85625\\clases\\clase03-nvmWinstonArtillery\\clase\\00-errorHandler\\node_modules\\express\\lib\\router\\layer.js:95:5)\n    at C:\\Users\\diego\\dev\\Coder-M3-Flex-85625\\clases\\clase03-nvmWinstonArtillery\\clase\\00-errorHandler\\node_modules\\express\\lib\\router\\index.js:284:15\n    at router.process_params (C:\\Users\\diego\\dev\\Coder-M3-Flex-85625\\clases\\clase03-nvmWinstonArtillery\\clase\\00-errorHandler\\node_modules\\express\\lib\\router\\index.js:346:12)\n    at next (C:\\Users\\diego\\dev\\Coder-M3-Flex-85625\\clases\\clase03-nvmWinstonArtillery\\clase\\00-errorHandler\\node_modules\\express\\lib\\router\\index.js:280:10)\n    at router.handle (C:\\Users\\diego\\dev\\Coder-M3-Flex-85625\\clases\\clase03-nvmWinstonArtillery\\clase\\00-errorHandler\\node_modules\\express\\lib\\router\\index.js:175:3)\n    at router (C:\\Users\\diego\\dev\\Coder-M3-Flex-85625\\clases\\clase03-nvmWinstonArtillery\\clase\\00-errorHandler\\node_modules\\express\\lib\\router\\index.js:47:12)"
     },
     {
          "fecha": "Sat, 24 Jan 2026 14:50:05 GMT",
          "error": "error de prueba",
          "detalle": "Error: error de prueba\n    at file:///C:/Users/diego/dev/Coder-M3-Flex-85625/clases/clase03-nvmWinstonArtillery/clase/00-errorHandler/src/routes/heroesRouter.js:10:15\n    at Layer.handle [as handle_request] (C:\\Users\\diego\\dev\\Coder-M3-Flex-85625\\clases\\clase03-nvmWinstonArtillery\\clase\\00-errorHandler\\node_modules\\express\\lib\\router\\layer.js:95:5)\n    at next (C:\\Users\\diego\\dev\\Coder-M3-Flex-85625\\clases\\clase03-nvmWinstonArtillery\\clase\\00-errorHandler\\node_modules\\express\\lib\\router\\route.js:149:13)\n    at Route.dispatch (C:\\Users\\diego\\dev\\Coder-M3-Flex-85625\\clases\\clase03-nvmWinstonArtillery\\clase\\00-errorHandler\\node_modules\\express\\lib\\router\\route.js:119:3)\n    at Layer.handle [as handle_request] (C:\\Users\\diego\\dev\\Coder-M3-Flex-85625\\clases\\clase03-nvmWinstonArtillery\\clase\\00-errorHandler\\node_modules\\express\\lib\\router\\layer.js:95:5)\n    at C:\\Users\\diego\\dev\\Coder-M3-Flex-85625\\clases\\clase03-nvmWinstonArtillery\\clase\\00-errorHandler\\node_modules\\express\\lib\\router\\index.js:284:15\n    at router.process_params (C:\\Users\\diego\\dev\\Coder-M3-Flex-85625\\clases\\clase03-nvmWinstonArtillery\\clase\\00-errorHandler\\node_modules\\express\\lib\\router\\index.js:346:12)\n    at next (C:\\Users\\diego\\dev\\Coder-M3-Flex-85625\\clases\\clase03-nvmWinstonArtillery\\clase\\00-errorHandler\\node_modules\\express\\lib\\router\\index.js:280:10)\n    at router.handle (C:\\Users\\diego\\dev\\Coder-M3-Flex-85625\\clases\\clase03-nvmWinstonArtillery\\clase\\00-errorHandler\\node_modules\\express\\lib\\router\\index.js:175:3)\n    at router (C:\\Users\\diego\\dev\\Coder-M3-Flex-85625\\clases\\clase03-nvmWinstonArtillery\\clase\\00-errorHandler\\node_modules\\express\\lib\\router\\index.js:47:12)"
     },
     {
          "fecha": "Sat, 24 Jan 2026 14:50:05 GMT",
          "error": "error de prueba",
          "detalle": "Error: error de prueba\n    at file:///C:/Users/diego/dev/Coder-M3-Flex-85625/clases/clase03-nvmWinstonArtillery/clase/00-errorHandler/src/routes/heroesRouter.js:10:15\n    at Layer.handle [as handle_request] (C:\\Users\\diego\\dev\\Coder-M3-Flex-85625\\clases\\clase03-nvmWinstonArtillery\\clase\\00-errorHandler\\node_modules\\express\\lib\\router\\layer.js:95:5)\n    at next (C:\\Users\\diego\\dev\\Coder-M3-Flex-85625\\clases\\clase03-nvmWinstonArtillery\\clase\\00-errorHandler\\node_modules\\express\\lib\\router\\route.js:149:13)\n    at Route.dispatch (C:\\Users\\diego\\dev\\Coder-M3-Flex-85625\\clases\\clase03-nvmWinstonArtillery\\clase\\00-errorHandler\\node_modules\\express\\lib\\router\\route.js:119:3)\n    at Layer.handle [as handle_request] (C:\\Users\\diego\\dev\\Coder-M3-Flex-85625\\clases\\clase03-nvmWinstonArtillery\\clase\\00-errorHandler\\node_modules\\express\\lib\\router\\layer.js:95:5)\n    at C:\\Users\\diego\\dev\\Coder-M3-Flex-85625\\clases\\clase03-nvmWinstonArtillery\\clase\\00-errorHandler\\node_modules\\express\\lib\\router\\index.js:284:15\n    at router.process_params (C:\\Users\\diego\\dev\\Coder-M3-Flex-85625\\clases\\clase03-nvmWinstonArtillery\\clase\\00-errorHandler\\node_modules\\express\\lib\\router\\index.js:346:12)\n    at next (C:\\Users\\diego\\dev\\Coder-M3-Flex-85625\\clases\\clase03-nvmWinstonArtillery\\clase\\00-errorHandler\\node_modules\\express\\lib\\router\\index.js:280:10)\n    at router.handle (C:\\Users\\diego\\dev\\Coder-M3-Flex-85625\\clases\\clase03-nvmWinstonArtillery\\clase\\00-errorHandler\\node_modules\\express\\lib\\router\\index.js:175:3)\n    at router (C:\\Users\\diego\\dev\\Coder-M3-Flex-85625\\clases\\clase03-nvmWinstonArtillery\\clase\\00-errorHandler\\node_modules\\express\\lib\\router\\index.js:47:12)"
     },
     {
          "fecha": "Sat, 24 Jan 2026 14:50:05 GMT",
          "error": "error de prueba",
          "detalle": "Error: error de prueba\n    at file:///C:/Users/diego/dev/Coder-M3-Flex-85625/clases/clase03-nvmWinstonArtillery/clase/00-errorHandler/src/routes/heroesRouter.js:10:15\n    at Layer.handle [as handle_request] (C:\\Users\\diego\\dev\\Coder-M3-Flex-85625\\clases\\clase03-nvmWinstonArtillery\\clase\\00-errorHandler\\node_modules\\express\\lib\\router\\layer.js:95:5)\n    at next (C:\\Users\\diego\\dev\\Coder-M3-Flex-85625\\clases\\clase03-nvmWinstonArtillery\\clase\\00-errorHandler\\node_modules\\express\\lib\\router\\route.js:149:13)\n    at Route.dispatch (C:\\Users\\diego\\dev\\Coder-M3-Flex-85625\\clases\\clase03-nvmWinstonArtillery\\clase\\00-errorHandler\\node_modules\\express\\lib\\router\\route.js:119:3)\n    at Layer.handle [as handle_request] (C:\\Users\\diego\\dev\\Coder-M3-Flex-85625\\clases\\clase03-nvmWinstonArtillery\\clase\\00-errorHandler\\node_modules\\express\\lib\\router\\layer.js:95:5)\n    at C:\\Users\\diego\\dev\\Coder-M3-Flex-85625\\clases\\clase03-nvmWinstonArtillery\\clase\\00-errorHandler\\node_modules\\express\\lib\\router\\index.js:284:15\n    at router.process_params (C:\\Users\\diego\\dev\\Coder-M3-Flex-85625\\clases\\clase03-nvmWinstonArtillery\\clase\\00-errorHandler\\node_modules\\express\\lib\\router\\index.js:346:12)\n    at next (C:\\Users\\diego\\dev\\Coder-M3-Flex-85625\\clases\\clase03-nvmWinstonArtillery\\clase\\00-errorHandler\\node_modules\\express\\lib\\router\\index.js:280:10)\n    at router.handle (C:\\Users\\diego\\dev\\Coder-M3-Flex-85625\\clases\\clase03-nvmWinstonArtillery\\clase\\00-errorHandler\\node_modules\\express\\lib\\router\\index.js:175:3)\n    at router (C:\\Users\\diego\\dev\\Coder-M3-Flex-85625\\clases\\clase03-nvmWinstonArtillery\\clase\\00-errorHandler\\node_modules\\express\\lib\\router\\index.js:47:12)"
     },
     {
          "fecha": "Sat, 24 Jan 2026 14:50:06 GMT",
          "error": "error de prueba",
          "detalle": "Error: error de prueba\n    at file:///C:/Users/diego/dev/Coder-M3-Flex-85625/clases/clase03-nvmWinstonArtillery/clase/00-errorHandler/src/routes/heroesRouter.js:10:15\n    at Layer.handle [as handle_request] (C:\\Users\\diego\\dev\\Coder-M3-Flex-85625\\clases\\clase03-nvmWinstonArtillery\\clase\\00-errorHandler\\node_modules\\express\\lib\\router\\layer.js:95:5)\n    at next (C:\\Users\\diego\\dev\\Coder-M3-Flex-85625\\clases\\clase03-nvmWinstonArtillery\\clase\\00-errorHandler\\node_modules\\express\\lib\\router\\route.js:149:13)\n    at Route.dispatch (C:\\Users\\diego\\dev\\Coder-M3-Flex-85625\\clases\\clase03-nvmWinstonArtillery\\clase\\00-errorHandler\\node_modules\\express\\lib\\router\\route.js:119:3)\n    at Layer.handle [as handle_request] (C:\\Users\\diego\\dev\\Coder-M3-Flex-85625\\clases\\clase03-nvmWinstonArtillery\\clase\\00-errorHandler\\node_modules\\express\\lib\\router\\layer.js:95:5)\n    at C:\\Users\\diego\\dev\\Coder-M3-Flex-85625\\clases\\clase03-nvmWinstonArtillery\\clase\\00-errorHandler\\node_modules\\express\\lib\\router\\index.js:284:15\n    at router.process_params (C:\\Users\\diego\\dev\\Coder-M3-Flex-85625\\clases\\clase03-nvmWinstonArtillery\\clase\\00-errorHandler\\node_modules\\express\\lib\\router\\index.js:346:12)\n    at next (C:\\Users\\diego\\dev\\Coder-M3-Flex-85625\\clases\\clase03-nvmWinstonArtillery\\clase\\00-errorHandler\\node_modules\\express\\lib\\router\\index.js:280:10)\n    at router.handle (C:\\Users\\diego\\dev\\Coder-M3-Flex-85625\\clases\\clase03-nvmWinstonArtillery\\clase\\00-errorHandler\\node_modules\\express\\lib\\router\\index.js:175:3)\n    at router (C:\\Users\\diego\\dev\\Coder-M3-Flex-85625\\clases\\clase03-nvmWinstonArtillery\\clase\\00-errorHandler\\node_modules\\express\\lib\\router\\index.js:47:12)"
     },
     {
          "fecha": "Sat, 24 Jan 2026 14:50:06 GMT",
          "error": "error de prueba",
          "detalle": "Error: error de prueba\n    at file:///C:/Users/diego/dev/Coder-M3-Flex-85625/clases/clase03-nvmWinstonArtillery/clase/00-errorHandler/src/routes/heroesRouter.js:10:15\n    at Layer.handle [as handle_request] (C:\\Users\\diego\\dev\\Coder-M3-Flex-85625\\clases\\clase03-nvmWinstonArtillery\\clase\\00-errorHandler\\node_modules\\express\\lib\\router\\layer.js:95:5)\n    at next (C:\\Users\\diego\\dev\\Coder-M3-Flex-85625\\clases\\clase03-nvmWinstonArtillery\\clase\\00-errorHandler\\node_modules\\express\\lib\\router\\route.js:149:13)\n    at Route.dispatch (C:\\Users\\diego\\dev\\Coder-M3-Flex-85625\\clases\\clase03-nvmWinstonArtillery\\clase\\00-errorHandler\\node_modules\\express\\lib\\router\\route.js:119:3)\n    at Layer.handle [as handle_request] (C:\\Users\\diego\\dev\\Coder-M3-Flex-85625\\clases\\clase03-nvmWinstonArtillery\\clase\\00-errorHandler\\node_modules\\express\\lib\\router\\layer.js:95:5)\n    at C:\\Users\\diego\\dev\\Coder-M3-Flex-85625\\clases\\clase03-nvmWinstonArtillery\\clase\\00-errorHandler\\node_modules\\express\\lib\\router\\index.js:284:15\n    at router.process_params (C:\\Users\\diego\\dev\\Coder-M3-Flex-85625\\clases\\clase03-nvmWinstonArtillery\\clase\\00-errorHandler\\node_modules\\express\\lib\\router\\index.js:346:12)\n    at next (C:\\Users\\diego\\dev\\Coder-M3-Flex-85625\\clases\\clase03-nvmWinstonArtillery\\clase\\00-errorHandler\\node_modules\\express\\lib\\router\\index.js:280:10)\n    at router.handle (C:\\Users\\diego\\dev\\Coder-M3-Flex-85625\\clases\\clase03-nvmWinstonArtillery\\clase\\00-errorHandler\\node_modules\\express\\lib\\router\\index.js:175:3)\n    at router (C:\\Users\\diego\\dev\\Coder-M3-Flex-85625\\clases\\clase03-nvmWinstonArtillery\\clase\\00-errorHandler\\node_modules\\express\\lib\\router\\index.js:47:12)"
     },
     {
          "fecha": "Sat, 24 Jan 2026 15:00:19 GMT",
          "error": "Error de pruebas",
          "detalle": "TestError: Error de pruebas\n    at CustomError.generateError (file:///C:/Users/diego/dev/Coder-M3-Flex-85625/clases/clase03-nvmWinstonArtillery/clase/00-errorHandler/src/utils/CustomError.js:6:19)\n    at file:///C:/Users/diego/dev/Coder-M3-Flex-85625/clases/clase03-nvmWinstonArtillery/clase/00-errorHandler/src/routes/heroesRouter.js:16:21\n    at Layer.handle [as handle_request] (C:\\Users\\diego\\dev\\Coder-M3-Flex-85625\\clases\\clase03-nvmWinstonArtillery\\clase\\00-errorHandler\\node_modules\\express\\lib\\router\\layer.js:95:5)\n    at next (C:\\Users\\diego\\dev\\Coder-M3-Flex-85625\\clases\\clase03-nvmWinstonArtillery\\clase\\00-errorHandler\\node_modules\\express\\lib\\router\\route.js:149:13)\n    at Route.dispatch (C:\\Users\\diego\\dev\\Coder-M3-Flex-85625\\clases\\clase03-nvmWinstonArtillery\\clase\\00-errorHandler\\node_modules\\express\\lib\\router\\route.js:119:3)\n    at Layer.handle [as handle_request] (C:\\Users\\diego\\dev\\Coder-M3-Flex-85625\\clases\\clase03-nvmWinstonArtillery\\clase\\00-errorHandler\\node_modules\\express\\lib\\router\\layer.js:95:5)\n    at C:\\Users\\diego\\dev\\Coder-M3-Flex-85625\\clases\\clase03-nvmWinstonArtillery\\clase\\00-errorHandler\\node_modules\\express\\lib\\router\\index.js:284:15\n    at router.process_params (C:\\Users\\diego\\dev\\Coder-M3-Flex-85625\\clases\\clase03-nvmWinstonArtillery\\clase\\00-errorHandler\\node_modules\\express\\lib\\router\\index.js:346:12)\n    at next (C:\\Users\\diego\\dev\\Coder-M3-Flex-85625\\clases\\clase03-nvmWinstonArtillery\\clase\\00-errorHandler\\node_modules\\express\\lib\\router\\index.js:280:10)\n    at router.handle (C:\\Users\\diego\\dev\\Coder-M3-Flex-85625\\clases\\clase03-nvmWinstonArtillery\\clase\\00-errorHandler\\node_modules\\express\\lib\\router\\index.js:175:3)"
     },
     {
          "fecha": "2026-01-24T15:02:52.378Z",
          "user": "diego",
          "host": "LAPTOP-4BC9K1BN",
          "error": "Error de pruebas",
          "detalle": "TestError: Error de pruebas\n    at CustomError.generateError (file:///C:/Users/diego/dev/Coder-M3-Flex-85625/clases/clase03-nvmWinstonArtillery/clase/00-errorHandler/src/utils/CustomError.js:6:19)\n    at file:///C:/Users/diego/dev/Coder-M3-Flex-85625/clases/clase03-nvmWinstonArtillery/clase/00-errorHandler/src/routes/heroesRouter.js:16:21\n    at Layer.handle [as handle_request] (C:\\Users\\diego\\dev\\Coder-M3-Flex-85625\\clases\\clase03-nvmWinstonArtillery\\clase\\00-errorHandler\\node_modules\\express\\lib\\router\\layer.js:95:5)\n    at next (C:\\Users\\diego\\dev\\Coder-M3-Flex-85625\\clases\\clase03-nvmWinstonArtillery\\clase\\00-errorHandler\\node_modules\\express\\lib\\router\\route.js:149:13)\n    at Route.dispatch (C:\\Users\\diego\\dev\\Coder-M3-Flex-85625\\clases\\clase03-nvmWinstonArtillery\\clase\\00-errorHandler\\node_modules\\express\\lib\\router\\route.js:119:3)\n    at Layer.handle [as handle_request] (C:\\Users\\diego\\dev\\Coder-M3-Flex-85625\\clases\\clase03-nvmWinstonArtillery\\clase\\00-errorHandler\\node_modules\\express\\lib\\router\\layer.js:95:5)\n    at C:\\Users\\diego\\dev\\Coder-M3-Flex-85625\\clases\\clase03-nvmWinstonArtillery\\clase\\00-errorHandler\\node_modules\\express\\lib\\router\\index.js:284:15\n    at router.process_params (C:\\Users\\diego\\dev\\Coder-M3-Flex-85625\\clases\\clase03-nvmWinstonArtillery\\clase\\00-errorHandler\\node_modules\\express\\lib\\router\\index.js:346:12)\n    at next (C:\\Users\\diego\\dev\\Coder-M3-Flex-85625\\clases\\clase03-nvmWinstonArtillery\\clase\\00-errorHandler\\node_modules\\express\\lib\\router\\index.js:280:10)\n    at router.handle (C:\\Users\\diego\\dev\\Coder-M3-Flex-85625\\clases\\clase03-nvmWinstonArtillery\\clase\\00-errorHandler\\node_modules\\express\\lib\\router\\index.js:175:3)"
     },
     {
          "fecha": "Sat, 24 Jan 2026 15:02:56 GMT",
          "error": "error de prueba",
          "detalle": "Error: error de prueba\n    at file:///C:/Users/diego/dev/Coder-M3-Flex-85625/clases/clase03-nvmWinstonArtillery/clase/00-errorHandler/src/routes/heroesRouter.js:12:15\n    at Layer.handle [as handle_request] (C:\\Users\\diego\\dev\\Coder-M3-Flex-85625\\clases\\clase03-nvmWinstonArtillery\\clase\\00-errorHandler\\node_modules\\express\\lib\\router\\layer.js:95:5)\n    at next (C:\\Users\\diego\\dev\\Coder-M3-Flex-85625\\clases\\clase03-nvmWinstonArtillery\\clase\\00-errorHandler\\node_modules\\express\\lib\\router\\route.js:149:13)\n    at Route.dispatch (C:\\Users\\diego\\dev\\Coder-M3-Flex-85625\\clases\\clase03-nvmWinstonArtillery\\clase\\00-errorHandler\\node_modules\\express\\lib\\router\\route.js:119:3)\n    at Layer.handle [as handle_request] (C:\\Users\\diego\\dev\\Coder-M3-Flex-85625\\clases\\clase03-nvmWinstonArtillery\\clase\\00-errorHandler\\node_modules\\express\\lib\\router\\layer.js:95:5)\n    at C:\\Users\\diego\\dev\\Coder-M3-Flex-85625\\clases\\clase03-nvmWinstonArtillery\\clase\\00-errorHandler\\node_modules\\express\\lib\\router\\index.js:284:15\n    at router.process_params (C:\\Users\\diego\\dev\\Coder-M3-Flex-85625\\clases\\clase03-nvmWinstonArtillery\\clase\\00-errorHandler\\node_modules\\express\\lib\\router\\index.js:346:12)\n    at next (C:\\Users\\diego\\dev\\Coder-M3-Flex-85625\\clases\\clase03-nvmWinstonArtillery\\clase\\00-errorHandler\\node_modules\\express\\lib\\router\\index.js:280:10)\n    at router.handle (C:\\Users\\diego\\dev\\Coder-M3-Flex-85625\\clases\\clase03-nvmWinstonArtillery\\clase\\00-errorHandler\\node_modules\\express\\lib\\router\\index.js:175:3)\n    at router (C:\\Users\\diego\\dev\\Coder-M3-Flex-85625\\clases\\clase03-nvmWinstonArtillery\\clase\\00-errorHandler\\node_modules\\express\\lib\\router\\index.js:47:12)"
     },
     {
          "fecha": "Sat, 24 Jan 2026 15:03:56 GMT",
          "error": "error de prueba",
          "detalle": "Error: error de prueba\n    at file:///C:/Users/diego/dev/Coder-M3-Flex-85625/clases/clase03-nvmWinstonArtillery/clase/00-errorHandler/src/routes/heroesRouter.js:12:15\n    at Layer.handle [as handle_request] (C:\\Users\\diego\\dev\\Coder-M3-Flex-85625\\clases\\clase03-nvmWinstonArtillery\\clase\\00-errorHandler\\node_modules\\express\\lib\\router\\layer.js:95:5)\n    at next (C:\\Users\\diego\\dev\\Coder-M3-Flex-85625\\clases\\clase03-nvmWinstonArtillery\\clase\\00-errorHandler\\node_modules\\express\\lib\\router\\route.js:149:13)\n    at Route.dispatch (C:\\Users\\diego\\dev\\Coder-M3-Flex-85625\\clases\\clase03-nvmWinstonArtillery\\clase\\00-errorHandler\\node_modules\\express\\lib\\router\\route.js:119:3)\n    at Layer.handle [as handle_request] (C:\\Users\\diego\\dev\\Coder-M3-Flex-85625\\clases\\clase03-nvmWinstonArtillery\\clase\\00-errorHandler\\node_modules\\express\\lib\\router\\layer.js:95:5)\n    at C:\\Users\\diego\\dev\\Coder-M3-Flex-85625\\clases\\clase03-nvmWinstonArtillery\\clase\\00-errorHandler\\node_modules\\express\\lib\\router\\index.js:284:15\n    at router.process_params (C:\\Users\\diego\\dev\\Coder-M3-Flex-85625\\clases\\clase03-nvmWinstonArtillery\\clase\\00-errorHandler\\node_modules\\express\\lib\\router\\index.js:346:12)\n    at next (C:\\Users\\diego\\dev\\Coder-M3-Flex-85625\\clases\\clase03-nvmWinstonArtillery\\clase\\00-errorHandler\\node_modules\\express\\lib\\router\\index.js:280:10)\n    at router.handle (C:\\Users\\diego\\dev\\Coder-M3-Flex-85625\\clases\\clase03-nvmWinstonArtillery\\clase\\00-errorHandler\\node_modules\\express\\lib\\router\\index.js:175:3)\n    at router (C:\\Users\\diego\\dev\\Coder-M3-Flex-85625\\clases\\clase03-nvmWinstonArtillery\\clase\\00-errorHandler\\node_modules\\express\\lib\\router\\index.js:47:12)"
     },
     {
          "fecha": "Sat, 24 Jan 2026 15:03:56 GMT",
          "error": "error de prueba",
          "detalle": "Error: error de prueba\n    at file:///C:/Users/diego/dev/Coder-M3-Flex-85625/clases/clase03-nvmWinstonArtillery/clase/00-errorHandler/src/routes/heroesRouter.js:12:15\n    at Layer.handle [as handle_request] (C:\\Users\\diego\\dev\\Coder-M3-Flex-85625\\clases\\clase03-nvmWinstonArtillery\\clase\\00-errorHandler\\node_modules\\express\\lib\\router\\layer.js:95:5)\n    at next (C:\\Users\\diego\\dev\\Coder-M3-Flex-85625\\clases\\clase03-nvmWinstonArtillery\\clase\\00-errorHandler\\node_modules\\express\\lib\\router\\route.js:149:13)\n    at Route.dispatch (C:\\Users\\diego\\dev\\Coder-M3-Flex-85625\\clases\\clase03-nvmWinstonArtillery\\clase\\00-errorHandler\\node_modules\\express\\lib\\router\\route.js:119:3)\n    at Layer.handle [as handle_request] (C:\\Users\\diego\\dev\\Coder-M3-Flex-85625\\clases\\clase03-nvmWinstonArtillery\\clase\\00-errorHandler\\node_modules\\express\\lib\\router\\layer.js:95:5)\n    at C:\\Users\\diego\\dev\\Coder-M3-Flex-85625\\clases\\clase03-nvmWinstonArtillery\\clase\\00-errorHandler\\node_modules\\express\\lib\\router\\index.js:284:15\n    at router.process_params (C:\\Users\\diego\\dev\\Coder-M3-Flex-85625\\clases\\clase03-nvmWinstonArtillery\\clase\\00-errorHandler\\node_modules\\express\\lib\\router\\index.js:346:12)\n    at next (C:\\Users\\diego\\dev\\Coder-M3-Flex-85625\\clases\\clase03-nvmWinstonArtillery\\clase\\00-errorHandler\\node_modules\\express\\lib\\router\\index.js:280:10)\n    at router.handle (C:\\Users\\diego\\dev\\Coder-M3-Flex-85625\\clases\\clase03-nvmWinstonArtillery\\clase\\00-errorHandler\\node_modules\\express\\lib\\router\\index.js:175:3)\n    at router (C:\\Users\\diego\\dev\\Coder-M3-Flex-85625\\clases\\clase03-nvmWinstonArtillery\\clase\\00-errorHandler\\node_modules\\express\\lib\\router\\index.js:47:12)"
     },
     {
          "fecha": "Sat, 24 Jan 2026 15:03:56 GMT",
          "error": "error de prueba",
          "detalle": "Error: error de prueba\n    at file:///C:/Users/diego/dev/Coder-M3-Flex-85625/clases/clase03-nvmWinstonArtillery/clase/00-errorHandler/src/routes/heroesRouter.js:12:15\n    at Layer.handle [as handle_request] (C:\\Users\\diego\\dev\\Coder-M3-Flex-85625\\clases\\clase03-nvmWinstonArtillery\\clase\\00-errorHandler\\node_modules\\express\\lib\\router\\layer.js:95:5)\n    at next (C:\\Users\\diego\\dev\\Coder-M3-Flex-85625\\clases\\clase03-nvmWinstonArtillery\\clase\\00-errorHandler\\node_modules\\express\\lib\\router\\route.js:149:13)\n    at Route.dispatch (C:\\Users\\diego\\dev\\Coder-M3-Flex-85625\\clases\\clase03-nvmWinstonArtillery\\clase\\00-errorHandler\\node_modules\\express\\lib\\router\\route.js:119:3)\n    at Layer.handle [as handle_request] (C:\\Users\\diego\\dev\\Coder-M3-Flex-85625\\clases\\clase03-nvmWinstonArtillery\\clase\\00-errorHandler\\node_modules\\express\\lib\\router\\layer.js:95:5)\n    at C:\\Users\\diego\\dev\\Coder-M3-Flex-85625\\clases\\clase03-nvmWinstonArtillery\\clase\\00-errorHandler\\node_modules\\express\\lib\\router\\index.js:284:15\n    at router.process_params (C:\\Users\\diego\\dev\\Coder-M3-Flex-85625\\clases\\clase03-nvmWinstonArtillery\\clase\\00-errorHandler\\node_modules\\express\\lib\\router\\index.js:346:12)\n    at next (C:\\Users\\diego\\dev\\Coder-M3-Flex-85625\\clases\\clase03-nvmWinstonArtillery\\clase\\00-errorHandler\\node_modules\\express\\lib\\router\\index.js:280:10)\n    at router.handle (C:\\Users\\diego\\dev\\Coder-M3-Flex-85625\\clases\\clase03-nvmWinstonArtillery\\clase\\00-errorHandler\\node_modules\\express\\lib\\router\\index.js:175:3)\n    at router (C:\\Users\\diego\\dev\\Coder-M3-Flex-85625\\clases\\clase03-nvmWinstonArtillery\\clase\\00-errorHandler\\node_modules\\express\\lib\\router\\index.js:47:12)"
     },
     {
          "fecha": "Sat, 24 Jan 2026 15:03:56 GMT",
          "error": "error de prueba",
          "detalle": "Error: error de prueba\n    at file:///C:/Users/diego/dev/Coder-M3-Flex-85625/clases/clase03-nvmWinstonArtillery/clase/00-errorHandler/src/routes/heroesRouter.js:12:15\n    at Layer.handle [as handle_request] (C:\\Users\\diego\\dev\\Coder-M3-Flex-85625\\clases\\clase03-nvmWinstonArtillery\\clase\\00-errorHandler\\node_modules\\express\\lib\\router\\layer.js:95:5)\n    at next (C:\\Users\\diego\\dev\\Coder-M3-Flex-85625\\clases\\clase03-nvmWinstonArtillery\\clase\\00-errorHandler\\node_modules\\express\\lib\\router\\route.js:149:13)\n    at Route.dispatch (C:\\Users\\diego\\dev\\Coder-M3-Flex-85625\\clases\\clase03-nvmWinstonArtillery\\clase\\00-errorHandler\\node_modules\\express\\lib\\router\\route.js:119:3)\n    at Layer.handle [as handle_request] (C:\\Users\\diego\\dev\\Coder-M3-Flex-85625\\clases\\clase03-nvmWinstonArtillery\\clase\\00-errorHandler\\node_modules\\express\\lib\\router\\layer.js:95:5)\n    at C:\\Users\\diego\\dev\\Coder-M3-Flex-85625\\clases\\clase03-nvmWinstonArtillery\\clase\\00-errorHandler\\node_modules\\express\\lib\\router\\index.js:284:15\n    at router.process_params (C:\\Users\\diego\\dev\\Coder-M3-Flex-85625\\clases\\clase03-nvmWinstonArtillery\\clase\\00-errorHandler\\node_modules\\express\\lib\\router\\index.js:346:12)\n    at next (C:\\Users\\diego\\dev\\Coder-M3-Flex-85625\\clases\\clase03-nvmWinstonArtillery\\clase\\00-errorHandler\\node_modules\\express\\lib\\router\\index.js:280:10)\n    at router.handle (C:\\Users\\diego\\dev\\Coder-M3-Flex-85625\\clases\\clase03-nvmWinstonArtillery\\clase\\00-errorHandler\\node_modules\\express\\lib\\router\\index.js:175:3)\n    at router (C:\\Users\\diego\\dev\\Coder-M3-Flex-85625\\clases\\clase03-nvmWinstonArtillery\\clase\\00-errorHandler\\node_modules\\express\\lib\\router\\index.js:47:12)"
     },
     {
          "fecha": "2026-01-24T15:03:59.329Z",
          "user": "diego",
          "host": "LAPTOP-4BC9K1BN",
          "error": "Error de pruebas",
          "detalle": "TestError: Error de pruebas\n    at CustomError.generateError (file:///C:/Users/diego/dev/Coder-M3-Flex-85625/clases/clase03-nvmWinstonArtillery/clase/00-errorHandler/src/utils/CustomError.js:6:19)\n    at file:///C:/Users/diego/dev/Coder-M3-Flex-85625/clases/clase03-nvmWinstonArtillery/clase/00-errorHandler/src/routes/heroesRouter.js:16:21\n    at Layer.handle [as handle_request] (C:\\Users\\diego\\dev\\Coder-M3-Flex-85625\\clases\\clase03-nvmWinstonArtillery\\clase\\00-errorHandler\\node_modules\\express\\lib\\router\\layer.js:95:5)\n    at next (C:\\Users\\diego\\dev\\Coder-M3-Flex-85625\\clases\\clase03-nvmWinstonArtillery\\clase\\00-errorHandler\\node_modules\\express\\lib\\router\\route.js:149:13)\n    at Route.dispatch (C:\\Users\\diego\\dev\\Coder-M3-Flex-85625\\clases\\clase03-nvmWinstonArtillery\\clase\\00-errorHandler\\node_modules\\express\\lib\\router\\route.js:119:3)\n    at Layer.handle [as handle_request] (C:\\Users\\diego\\dev\\Coder-M3-Flex-85625\\clases\\clase03-nvmWinstonArtillery\\clase\\00-errorHandler\\node_modules\\express\\lib\\router\\layer.js:95:5)\n    at C:\\Users\\diego\\dev\\Coder-M3-Flex-85625\\clases\\clase03-nvmWinstonArtillery\\clase\\00-errorHandler\\node_modules\\express\\lib\\router\\index.js:284:15\n    at router.process_params (C:\\Users\\diego\\dev\\Coder-M3-Flex-85625\\clases\\clase03-nvmWinstonArtillery\\clase\\00-errorHandler\\node_modules\\express\\lib\\router\\index.js:346:12)\n    at next (C:\\Users\\diego\\dev\\Coder-M3-Flex-85625\\clases\\clase03-nvmWinstonArtillery\\clase\\00-errorHandler\\node_modules\\express\\lib\\router\\index.js:280:10)\n    at router.handle (C:\\Users\\diego\\dev\\Coder-M3-Flex-85625\\clases\\clase03-nvmWinstonArtillery\\clase\\00-errorHandler\\node_modules\\express\\lib\\router\\index.js:175:3)"
     },
     {
          "fecha": "2026-01-24T15:04:00.936Z",
          "user": "diego",
          "host": "LAPTOP-4BC9K1BN",
          "error": "Error de pruebas",
          "detalle": "TestError: Error de pruebas\n    at CustomError.generateError (file:///C:/Users/diego/dev/Coder-M3-Flex-85625/clases/clase03-nvmWinstonArtillery/clase/00-errorHandler/src/utils/CustomError.js:6:19)\n    at file:///C:/Users/diego/dev/Coder-M3-Flex-85625/clases/clase03-nvmWinstonArtillery/clase/00-errorHandler/src/routes/heroesRouter.js:16:21\n    at Layer.handle [as handle_request] (C:\\Users\\diego\\dev\\Coder-M3-Flex-85625\\clases\\clase03-nvmWinstonArtillery\\clase\\00-errorHandler\\node_modules\\express\\lib\\router\\layer.js:95:5)\n    at next (C:\\Users\\diego\\dev\\Coder-M3-Flex-85625\\clases\\clase03-nvmWinstonArtillery\\clase\\00-errorHandler\\node_modules\\express\\lib\\router\\route.js:149:13)\n    at Route.dispatch (C:\\Users\\diego\\dev\\Coder-M3-Flex-85625\\clases\\clase03-nvmWinstonArtillery\\clase\\00-errorHandler\\node_modules\\express\\lib\\router\\route.js:119:3)\n    at Layer.handle [as handle_request] (C:\\Users\\diego\\dev\\Coder-M3-Flex-85625\\clases\\clase03-nvmWinstonArtillery\\clase\\00-errorHandler\\node_modules\\express\\lib\\router\\layer.js:95:5)\n    at C:\\Users\\diego\\dev\\Coder-M3-Flex-85625\\clases\\clase03-nvmWinstonArtillery\\clase\\00-errorHandler\\node_modules\\express\\lib\\router\\index.js:284:15\n    at router.process_params (C:\\Users\\diego\\dev\\Coder-M3-Flex-85625\\clases\\clase03-nvmWinstonArtillery\\clase\\00-errorHandler\\node_modules\\express\\lib\\router\\index.js:346:12)\n    at next (C:\\Users\\diego\\dev\\Coder-M3-Flex-85625\\clases\\clase03-nvmWinstonArtillery\\clase\\00-errorHandler\\node_modules\\express\\lib\\router\\index.js:280:10)\n    at router.handle (C:\\Users\\diego\\dev\\Coder-M3-Flex-85625\\clases\\clase03-nvmWinstonArtillery\\clase\\00-errorHandler\\node_modules\\express\\lib\\router\\index.js:175:3)"
     },
     {
          "fecha": "2026-01-24T15:04:01.088Z",
          "user": "diego",
          "host": "LAPTOP-4BC9K1BN",
          "error": "Error de pruebas",
          "detalle": "TestError: Error de pruebas\n    at CustomError.generateError (file:///C:/Users/diego/dev/Coder-M3-Flex-85625/clases/clase03-nvmWinstonArtillery/clase/00-errorHandler/src/utils/CustomError.js:6:19)\n    at file:///C:/Users/diego/dev/Coder-M3-Flex-85625/clases/clase03-nvmWinstonArtillery/clase/00-errorHandler/src/routes/heroesRouter.js:16:21\n    at Layer.handle [as handle_request] (C:\\Users\\diego\\dev\\Coder-M3-Flex-85625\\clases\\clase03-nvmWinstonArtillery\\clase\\00-errorHandler\\node_modules\\express\\lib\\router\\layer.js:95:5)\n    at next (C:\\Users\\diego\\dev\\Coder-M3-Flex-85625\\clases\\clase03-nvmWinstonArtillery\\clase\\00-errorHandler\\node_modules\\express\\lib\\router\\route.js:149:13)\n    at Route.dispatch (C:\\Users\\diego\\dev\\Coder-M3-Flex-85625\\clases\\clase03-nvmWinstonArtillery\\clase\\00-errorHandler\\node_modules\\express\\lib\\router\\route.js:119:3)\n    at Layer.handle [as handle_request] (C:\\Users\\diego\\dev\\Coder-M3-Flex-85625\\clases\\clase03-nvmWinstonArtillery\\clase\\00-errorHandler\\node_modules\\express\\lib\\router\\layer.js:95:5)\n    at C:\\Users\\diego\\dev\\Coder-M3-Flex-85625\\clases\\clase03-nvmWinstonArtillery\\clase\\00-errorHandler\\node_modules\\express\\lib\\router\\index.js:284:15\n    at router.process_params (C:\\Users\\diego\\dev\\Coder-M3-Flex-85625\\clases\\clase03-nvmWinstonArtillery\\clase\\00-errorHandler\\node_modules\\express\\lib\\router\\index.js:346:12)\n    at next (C:\\Users\\diego\\dev\\Coder-M3-Flex-85625\\clases\\clase03-nvmWinstonArtillery\\clase\\00-errorHandler\\node_modules\\express\\lib\\router\\index.js:280:10)\n    at router.handle (C:\\Users\\diego\\dev\\Coder-M3-Flex-85625\\clases\\clase03-nvmWinstonArtillery\\clase\\00-errorHandler\\node_modules\\express\\lib\\router\\index.js:175:3)"
     },
     {
          "fecha": "2026-01-24T15:04:01.248Z",
          "user": "diego",
          "host": "LAPTOP-4BC9K1BN",
          "error": "Error de pruebas",
          "detalle": "TestError: Error de pruebas\n    at CustomError.generateError (file:///C:/Users/diego/dev/Coder-M3-Flex-85625/clases/clase03-nvmWinstonArtillery/clase/00-errorHandler/src/utils/CustomError.js:6:19)\n    at file:///C:/Users/diego/dev/Coder-M3-Flex-85625/clases/clase03-nvmWinstonArtillery/clase/00-errorHandler/src/routes/heroesRouter.js:16:21\n    at Layer.handle [as handle_request] (C:\\Users\\diego\\dev\\Coder-M3-Flex-85625\\clases\\clase03-nvmWinstonArtillery\\clase\\00-errorHandler\\node_modules\\express\\lib\\router\\layer.js:95:5)\n    at next (C:\\Users\\diego\\dev\\Coder-M3-Flex-85625\\clases\\clase03-nvmWinstonArtillery\\clase\\00-errorHandler\\node_modules\\express\\lib\\router\\route.js:149:13)\n    at Route.dispatch (C:\\Users\\diego\\dev\\Coder-M3-Flex-85625\\clases\\clase03-nvmWinstonArtillery\\clase\\00-errorHandler\\node_modules\\express\\lib\\router\\route.js:119:3)\n    at Layer.handle [as handle_request] (C:\\Users\\diego\\dev\\Coder-M3-Flex-85625\\clases\\clase03-nvmWinstonArtillery\\clase\\00-errorHandler\\node_modules\\express\\lib\\router\\layer.js:95:5)\n    at C:\\Users\\diego\\dev\\Coder-M3-Flex-85625\\clases\\clase03-nvmWinstonArtillery\\clase\\00-errorHandler\\node_modules\\express\\lib\\router\\index.js:284:15\n    at router.process_params (C:\\Users\\diego\\dev\\Coder-M3-Flex-85625\\clases\\clase03-nvmWinstonArtillery\\clase\\00-errorHandler\\node_modules\\express\\lib\\router\\index.js:346:12)\n    at next (C:\\Users\\diego\\dev\\Coder-M3-Flex-85625\\clases\\clase03-nvmWinstonArtillery\\clase\\00-errorHandler\\node_modules\\express\\lib\\router\\index.js:280:10)\n    at router.handle (C:\\Users\\diego\\dev\\Coder-M3-Flex-85625\\clases\\clase03-nvmWinstonArtillery\\clase\\00-errorHandler\\node_modules\\express\\lib\\router\\index.js:175:3)"
     },
     {
          "fecha": "2026-01-24T15:05:00.078Z",
          "user": "diego",
          "host": "LAPTOP-4BC9K1BN",
          "module": "get-heroes / routerHeroes",
          "error": "Error de pruebas",
          "detalle": "TestError: Error de pruebas\n    at CustomError.generateError (file:///C:/Users/diego/dev/Coder-M3-Flex-85625/clases/clase03-nvmWinstonArtillery/clase/00-errorHandler/src/utils/CustomError.js:6:19)\n    at file:///C:/Users/diego/dev/Coder-M3-Flex-85625/clases/clase03-nvmWinstonArtillery/clase/00-errorHandler/src/routes/heroesRouter.js:16:21\n    at Layer.handle [as handle_request] (C:\\Users\\diego\\dev\\Coder-M3-Flex-85625\\clases\\clase03-nvmWinstonArtillery\\clase\\00-errorHandler\\node_modules\\express\\lib\\router\\layer.js:95:5)\n    at next (C:\\Users\\diego\\dev\\Coder-M3-Flex-85625\\clases\\clase03-nvmWinstonArtillery\\clase\\00-errorHandler\\node_modules\\express\\lib\\router\\route.js:149:13)\n    at Route.dispatch (C:\\Users\\diego\\dev\\Coder-M3-Flex-85625\\clases\\clase03-nvmWinstonArtillery\\clase\\00-errorHandler\\node_modules\\express\\lib\\router\\route.js:119:3)\n    at Layer.handle [as handle_request] (C:\\Users\\diego\\dev\\Coder-M3-Flex-85625\\clases\\clase03-nvmWinstonArtillery\\clase\\00-errorHandler\\node_modules\\express\\lib\\router\\layer.js:95:5)\n    at C:\\Users\\diego\\dev\\Coder-M3-Flex-85625\\clases\\clase03-nvmWinstonArtillery\\clase\\00-errorHandler\\node_modules\\express\\lib\\router\\index.js:284:15\n    at router.process_params (C:\\Users\\diego\\dev\\Coder-M3-Flex-85625\\clases\\clase03-nvmWinstonArtillery\\clase\\00-errorHandler\\node_modules\\express\\lib\\router\\index.js:346:12)\n    at next (C:\\Users\\diego\\dev\\Coder-M3-Flex-85625\\clases\\clase03-nvmWinstonArtillery\\clase\\00-errorHandler\\node_modules\\express\\lib\\router\\index.js:280:10)\n    at router.handle (C:\\Users\\diego\\dev\\Coder-M3-Flex-85625\\clases\\clase03-nvmWinstonArtillery\\clase\\00-errorHandler\\node_modules\\express\\lib\\router\\index.js:175:3)"
     },
     {
          "fecha": "2026-01-24T15:05:00.201Z",
          "user": "diego",
          "host": "LAPTOP-4BC9K1BN",
          "module": "get-heroes / routerHeroes",
          "error": "Error de pruebas",
          "detalle": "TestError: Error de pruebas\n    at CustomError.generateError (file:///C:/Users/diego/dev/Coder-M3-Flex-85625/clases/clase03-nvmWinstonArtillery/clase/00-errorHandler/src/utils/CustomError.js:6:19)\n    at file:///C:/Users/diego/dev/Coder-M3-Flex-85625/clases/clase03-nvmWinstonArtillery/clase/00-errorHandler/src/routes/heroesRouter.js:16:21\n    at Layer.handle [as handle_request] (C:\\Users\\diego\\dev\\Coder-M3-Flex-85625\\clases\\clase03-nvmWinstonArtillery\\clase\\00-errorHandler\\node_modules\\express\\lib\\router\\layer.js:95:5)\n    at next (C:\\Users\\diego\\dev\\Coder-M3-Flex-85625\\clases\\clase03-nvmWinstonArtillery\\clase\\00-errorHandler\\node_modules\\express\\lib\\router\\route.js:149:13)\n    at Route.dispatch (C:\\Users\\diego\\dev\\Coder-M3-Flex-85625\\clases\\clase03-nvmWinstonArtillery\\clase\\00-errorHandler\\node_modules\\express\\lib\\router\\route.js:119:3)\n    at Layer.handle [as handle_request] (C:\\Users\\diego\\dev\\Coder-M3-Flex-85625\\clases\\clase03-nvmWinstonArtillery\\clase\\00-errorHandler\\node_modules\\express\\lib\\router\\layer.js:95:5)\n    at C:\\Users\\diego\\dev\\Coder-M3-Flex-85625\\clases\\clase03-nvmWinstonArtillery\\clase\\00-errorHandler\\node_modules\\express\\lib\\router\\index.js:284:15\n    at router.process_params (C:\\Users\\diego\\dev\\Coder-M3-Flex-85625\\clases\\clase03-nvmWinstonArtillery\\clase\\00-errorHandler\\node_modules\\express\\lib\\router\\index.js:346:12)\n    at next (C:\\Users\\diego\\dev\\Coder-M3-Flex-85625\\clases\\clase03-nvmWinstonArtillery\\clase\\00-errorHandler\\node_modules\\express\\lib\\router\\index.js:280:10)\n    at router.handle (C:\\Users\\diego\\dev\\Coder-M3-Flex-85625\\clases\\clase03-nvmWinstonArtillery\\clase\\00-errorHandler\\node_modules\\express\\lib\\router\\index.js:175:3)"
     },
     {
          "fecha": "2026-01-24T15:05:00.371Z",
          "user": "diego",
          "host": "LAPTOP-4BC9K1BN",
          "module": "get-heroes / routerHeroes",
          "error": "Error de pruebas",
          "detalle": "TestError: Error de pruebas\n    at CustomError.generateError (file:///C:/Users/diego/dev/Coder-M3-Flex-85625/clases/clase03-nvmWinstonArtillery/clase/00-errorHandler/src/utils/CustomError.js:6:19)\n    at file:///C:/Users/diego/dev/Coder-M3-Flex-85625/clases/clase03-nvmWinstonArtillery/clase/00-errorHandler/src/routes/heroesRouter.js:16:21\n    at Layer.handle [as handle_request] (C:\\Users\\diego\\dev\\Coder-M3-Flex-85625\\clases\\clase03-nvmWinstonArtillery\\clase\\00-errorHandler\\node_modules\\express\\lib\\router\\layer.js:95:5)\n    at next (C:\\Users\\diego\\dev\\Coder-M3-Flex-85625\\clases\\clase03-nvmWinstonArtillery\\clase\\00-errorHandler\\node_modules\\express\\lib\\router\\route.js:149:13)\n    at Route.dispatch (C:\\Users\\diego\\dev\\Coder-M3-Flex-85625\\clases\\clase03-nvmWinstonArtillery\\clase\\00-errorHandler\\node_modules\\express\\lib\\router\\route.js:119:3)\n    at Layer.handle [as handle_request] (C:\\Users\\diego\\dev\\Coder-M3-Flex-85625\\clases\\clase03-nvmWinstonArtillery\\clase\\00-errorHandler\\node_modules\\express\\lib\\router\\layer.js:95:5)\n    at C:\\Users\\diego\\dev\\Coder-M3-Flex-85625\\clases\\clase03-nvmWinstonArtillery\\clase\\00-errorHandler\\node_modules\\express\\lib\\router\\index.js:284:15\n    at router.process_params (C:\\Users\\diego\\dev\\Coder-M3-Flex-85625\\clases\\clase03-nvmWinstonArtillery\\clase\\00-errorHandler\\node_modules\\express\\lib\\router\\index.js:346:12)\n    at next (C:\\Users\\diego\\dev\\Coder-M3-Flex-85625\\clases\\clase03-nvmWinstonArtillery\\clase\\00-errorHandler\\node_modules\\express\\lib\\router\\index.js:280:10)\n    at router.handle (C:\\Users\\diego\\dev\\Coder-M3-Flex-85625\\clases\\clase03-nvmWinstonArtillery\\clase\\00-errorHandler\\node_modules\\express\\lib\\router\\index.js:175:3)"
     },
     {
          "fecha": "Sat, 24 Jan 2026 15:06:31 GMT",
          "error": "error de prueba",
          "detalle": "Error: error de prueba\n    at file:///C:/Users/diego/dev/Coder-M3-Flex-85625/clases/clase03-nvmWinstonArtillery/clase/00-errorHandler/src/routes/heroesRouter.js:28:15\n    at Layer.handle [as handle_request] (C:\\Users\\diego\\dev\\Coder-M3-Flex-85625\\clases\\clase03-nvmWinstonArtillery\\clase\\00-errorHandler\\node_modules\\express\\lib\\router\\layer.js:95:5)\n    at next (C:\\Users\\diego\\dev\\Coder-M3-Flex-85625\\clases\\clase03-nvmWinstonArtillery\\clase\\00-errorHandler\\node_modules\\express\\lib\\router\\route.js:149:13)\n    at Route.dispatch (C:\\Users\\diego\\dev\\Coder-M3-Flex-85625\\clases\\clase03-nvmWinstonArtillery\\clase\\00-errorHandler\\node_modules\\express\\lib\\router\\route.js:119:3)\n    at Layer.handle [as handle_request] (C:\\Users\\diego\\dev\\Coder-M3-Flex-85625\\clases\\clase03-nvmWinstonArtillery\\clase\\00-errorHandler\\node_modules\\express\\lib\\router\\layer.js:95:5)\n    at C:\\Users\\diego\\dev\\Coder-M3-Flex-85625\\clases\\clase03-nvmWinstonArtillery\\clase\\00-errorHandler\\node_modules\\express\\lib\\router\\index.js:284:15\n    at router.process_params (C:\\Users\\diego\\dev\\Coder-M3-Flex-85625\\clases\\clase03-nvmWinstonArtillery\\clase\\00-errorHandler\\node_modules\\express\\lib\\router\\index.js:346:12)\n    at next (C:\\Users\\diego\\dev\\Coder-M3-Flex-85625\\clases\\clase03-nvmWinstonArtillery\\clase\\00-errorHandler\\node_modules\\express\\lib\\router\\index.js:280:10)\n    at router.handle (C:\\Users\\diego\\dev\\Coder-M3-Flex-85625\\clases\\clase03-nvmWinstonArtillery\\clase\\00-errorHandler\\node_modules\\express\\lib\\router\\index.js:175:3)\n    at router (C:\\Users\\diego\\dev\\Coder-M3-Flex-85625\\clases\\clase03-nvmWinstonArtillery\\clase\\00-errorHandler\\node_modules\\express\\lib\\router\\index.js:47:12)"
     },
     {
          "fecha": "Sat, 24 Jan 2026 15:09:32 GMT",
          "error": "error de prueba",
          "detalle": "Error: error de prueba\n    at file:///C:/Users/diego/dev/Coder-M3-Flex-85625/clases/clase03-nvmWinstonArtillery/clase/00-errorHandler/src/routes/heroesRouter.js:29:19\n    at Layer.handle [as handle_request] (C:\\Users\\diego\\dev\\Coder-M3-Flex-85625\\clases\\clase03-nvmWinstonArtillery\\clase\\00-errorHandler\\node_modules\\express\\lib\\router\\layer.js:95:5)\n    at next (C:\\Users\\diego\\dev\\Coder-M3-Flex-85625\\clases\\clase03-nvmWinstonArtillery\\clase\\00-errorHandler\\node_modules\\express\\lib\\router\\route.js:149:13)\n    at Route.dispatch (C:\\Users\\diego\\dev\\Coder-M3-Flex-85625\\clases\\clase03-nvmWinstonArtillery\\clase\\00-errorHandler\\node_modules\\express\\lib\\router\\route.js:119:3)\n    at Layer.handle [as handle_request] (C:\\Users\\diego\\dev\\Coder-M3-Flex-85625\\clases\\clase03-nvmWinstonArtillery\\clase\\00-errorHandler\\node_modules\\express\\lib\\router\\layer.js:95:5)\n    at C:\\Users\\diego\\dev\\Coder-M3-Flex-85625\\clases\\clase03-nvmWinstonArtillery\\clase\\00-errorHandler\\node_modules\\express\\lib\\router\\index.js:284:15\n    at router.process_params (C:\\Users\\diego\\dev\\Coder-M3-Flex-85625\\clases\\clase03-nvmWinstonArtillery\\clase\\00-errorHandler\\node_modules\\express\\lib\\router\\index.js:346:12)\n    at next (C:\\Users\\diego\\dev\\Coder-M3-Flex-85625\\clases\\clase03-nvmWinstonArtillery\\clase\\00-errorHandler\\node_modules\\express\\lib\\router\\index.js:280:10)\n    at router.handle (C:\\Users\\diego\\dev\\Coder-M3-Flex-85625\\clases\\clase03-nvmWinstonArtillery\\clase\\00-errorHandler\\node_modules\\express\\lib\\router\\index.js:175:3)\n    at router (C:\\Users\\diego\\dev\\Coder-M3-Flex-85625\\clases\\clase03-nvmWinstonArtillery\\clase\\00-errorHandler\\node_modules\\express\\lib\\router\\index.js:47:12)"
     },
     {
          "fecha": "2026-01-24T15:09:37.080Z",
          "user": "diego",
          "host": "LAPTOP-4BC9K1BN",
          "module": "get-heroes / routerHeroes",
          "error": "Error de pruebas",
          "detalle": "TestError: Error de pruebas\n    at CustomError.generateError (file:///C:/Users/diego/dev/Coder-M3-Flex-85625/clases/clase03-nvmWinstonArtillery/clase/00-errorHandler/src/utils/CustomError.js:6:19)\n    at file:///C:/Users/diego/dev/Coder-M3-Flex-85625/clases/clase03-nvmWinstonArtillery/clase/00-errorHandler/src/routes/heroesRouter.js:33:25\n    at Layer.handle [as handle_request] (C:\\Users\\diego\\dev\\Coder-M3-Flex-85625\\clases\\clase03-nvmWinstonArtillery\\clase\\00-errorHandler\\node_modules\\express\\lib\\router\\layer.js:95:5)\n    at next (C:\\Users\\diego\\dev\\Coder-M3-Flex-85625\\clases\\clase03-nvmWinstonArtillery\\clase\\00-errorHandler\\node_modules\\express\\lib\\router\\route.js:149:13)\n    at Route.dispatch (C:\\Users\\diego\\dev\\Coder-M3-Flex-85625\\clases\\clase03-nvmWinstonArtillery\\clase\\00-errorHandler\\node_modules\\express\\lib\\router\\route.js:119:3)\n    at Layer.handle [as handle_request] (C:\\Users\\diego\\dev\\Coder-M3-Flex-85625\\clases\\clase03-nvmWinstonArtillery\\clase\\00-errorHandler\\node_modules\\express\\lib\\router\\layer.js:95:5)\n    at C:\\Users\\diego\\dev\\Coder-M3-Flex-85625\\clases\\clase03-nvmWinstonArtillery\\clase\\00-errorHandler\\node_modules\\express\\lib\\router\\index.js:284:15\n    at router.process_params (C:\\Users\\diego\\dev\\Coder-M3-Flex-85625\\clases\\clase03-nvmWinstonArtillery\\clase\\00-errorHandler\\node_modules\\express\\lib\\router\\index.js:346:12)\n    at next (C:\\Users\\diego\\dev\\Coder-M3-Flex-85625\\clases\\clase03-nvmWinstonArtillery\\clase\\00-errorHandler\\node_modules\\express\\lib\\router\\index.js:280:10)\n    at router.handle (C:\\Users\\diego\\dev\\Coder-M3-Flex-85625\\clases\\clase03-nvmWinstonArtillery\\clase\\00-errorHandler\\node_modules\\express\\lib\\router\\index.js:175:3)"
     },
     {
          "fecha": "2026-01-24T15:09:38.979Z",
          "user": "diego",
          "host": "LAPTOP-4BC9K1BN",
          "module": "get-heroes / routerHeroes",
          "error": "Error de pruebas",
          "detalle": "TestError: Error de pruebas\n    at CustomError.generateError (file:///C:/Users/diego/dev/Coder-M3-Flex-85625/clases/clase03-nvmWinstonArtillery/clase/00-errorHandler/src/utils/CustomError.js:6:19)\n    at file:///C:/Users/diego/dev/Coder-M3-Flex-85625/clases/clase03-nvmWinstonArtillery/clase/00-errorHandler/src/routes/heroesRouter.js:33:25\n    at Layer.handle [as handle_request] (C:\\Users\\diego\\dev\\Coder-M3-Flex-85625\\clases\\clase03-nvmWinstonArtillery\\clase\\00-errorHandler\\node_modules\\express\\lib\\router\\layer.js:95:5)\n    at next (C:\\Users\\diego\\dev\\Coder-M3-Flex-85625\\clases\\clase03-nvmWinstonArtillery\\clase\\00-errorHandler\\node_modules\\express\\lib\\router\\route.js:149:13)\n    at Route.dispatch (C:\\Users\\diego\\dev\\Coder-M3-Flex-85625\\clases\\clase03-nvmWinstonArtillery\\clase\\00-errorHandler\\node_modules\\express\\lib\\router\\route.js:119:3)\n    at Layer.handle [as handle_request] (C:\\Users\\diego\\dev\\Coder-M3-Flex-85625\\clases\\clase03-nvmWinstonArtillery\\clase\\00-errorHandler\\node_modules\\express\\lib\\router\\layer.js:95:5)\n    at C:\\Users\\diego\\dev\\Coder-M3-Flex-85625\\clases\\clase03-nvmWinstonArtillery\\clase\\00-errorHandler\\node_modules\\express\\lib\\router\\index.js:284:15\n    at router.process_params (C:\\Users\\diego\\dev\\Coder-M3-Flex-85625\\clases\\clase03-nvmWinstonArtillery\\clase\\00-errorHandler\\node_modules\\express\\lib\\router\\index.js:346:12)\n    at next (C:\\Users\\diego\\dev\\Coder-M3-Flex-85625\\clases\\clase03-nvmWinstonArtillery\\clase\\00-errorHandler\\node_modules\\express\\lib\\router\\index.js:280:10)\n    at router.handle (C:\\Users\\diego\\dev\\Coder-M3-Flex-85625\\clases\\clase03-nvmWinstonArtillery\\clase\\00-errorHandler\\node_modules\\express\\lib\\router\\index.js:175:3)"
     },
     {
          "fecha": "2026-01-24T15:09:39.138Z",
          "user": "diego",
          "host": "LAPTOP-4BC9K1BN",
          "module": "get-heroes / routerHeroes",
          "error": "Error de pruebas",
          "detalle": "TestError: Error de pruebas\n    at CustomError.generateError (file:///C:/Users/diego/dev/Coder-M3-Flex-85625/clases/clase03-nvmWinstonArtillery/clase/00-errorHandler/src/utils/CustomError.js:6:19)\n    at file:///C:/Users/diego/dev/Coder-M3-Flex-85625/clases/clase03-nvmWinstonArtillery/clase/00-errorHandler/src/routes/heroesRouter.js:33:25\n    at Layer.handle [as handle_request] (C:\\Users\\diego\\dev\\Coder-M3-Flex-85625\\clases\\clase03-nvmWinstonArtillery\\clase\\00-errorHandler\\node_modules\\express\\lib\\router\\layer.js:95:5)\n    at next (C:\\Users\\diego\\dev\\Coder-M3-Flex-85625\\clases\\clase03-nvmWinstonArtillery\\clase\\00-errorHandler\\node_modules\\express\\lib\\router\\route.js:149:13)\n    at Route.dispatch (C:\\Users\\diego\\dev\\Coder-M3-Flex-85625\\clases\\clase03-nvmWinstonArtillery\\clase\\00-errorHandler\\node_modules\\express\\lib\\router\\route.js:119:3)\n    at Layer.handle [as handle_request] (C:\\Users\\diego\\dev\\Coder-M3-Flex-85625\\clases\\clase03-nvmWinstonArtillery\\clase\\00-errorHandler\\node_modules\\express\\lib\\router\\layer.js:95:5)\n    at C:\\Users\\diego\\dev\\Coder-M3-Flex-85625\\clases\\clase03-nvmWinstonArtillery\\clase\\00-errorHandler\\node_modules\\express\\lib\\router\\index.js:284:15\n    at router.process_params (C:\\Users\\diego\\dev\\Coder-M3-Flex-85625\\clases\\clase03-nvmWinstonArtillery\\clase\\00-errorHandler\\node_modules\\express\\lib\\router\\index.js:346:12)\n    at next (C:\\Users\\diego\\dev\\Coder-M3-Flex-85625\\clases\\clase03-nvmWinstonArtillery\\clase\\00-errorHandler\\node_modules\\express\\lib\\router\\index.js:280:10)\n    at router.handle (C:\\Users\\diego\\dev\\Coder-M3-Flex-85625\\clases\\clase03-nvmWinstonArtillery\\clase\\00-errorHandler\\node_modules\\express\\lib\\router\\index.js:175:3)"
     }
]